#
# There is insufficient memory for the Java Runtime Environment to continue.
# Native memory allocation (malloc) failed to allocate 480320 bytes for Chunk::new
# Possible reasons:
#   The system is out of physical RAM or swap space
#   The process is running with CompressedOops enabled, and the Java Heap may be blocking the growth of the native heap
# Possible solutions:
#   Reduce memory load on the system
#   Increase physical memory or swap space
#   Check if swap backing store is full
#   Decrease Java heap size (-Xmx/-Xms)
#   Decrease number of Java threads
#   Decrease Java thread stack sizes (-Xss)
#   Set larger code cache with -XX:ReservedCodeCacheSize=
#   JVM is running with Unscaled Compressed Oops mode in which the Java heap is
#     placed in the first 4GB address space. The Java Heap base address is the
#     maximum limit for the native heap growth. Please use -XX:HeapBaseMinAddress
#     to set the Java Heap base and to place the Java Heap above 4GB virtual address.
# This output file may be truncated or incomplete.
#
#  Out of Memory Error (arena.cpp:189), pid=24496, tid=10684
#
# JRE version: Java(TM) SE Runtime Environment (17.0.9+11) (build 17.0.9+11-LTS-201)
# Java VM: Java HotSpot(TM) 64-Bit Server VM (17.0.9+11-LTS-201, mixed mode, sharing, tiered, compressed oops, compressed class ptrs, g1 gc, windows-amd64)
# No core dump will be written. Minidumps are not enabled by default on client versions of Windows
#

---------------  S U M M A R Y ------------

Command Line: -javaagent:C:\Program Files\JetBrains\IntelliJ IDEA Community Edition 2023.3.2\lib\idea_rt.jar=56705:C:\Program Files\JetBrains\IntelliJ IDEA Community Edition 2023.3.2\bin -Dfile.encoding=UTF-8 com.VoterApplication.VoterRegistration.VoterRegistrationApplication

Host: 11th Gen Intel(R) Core(TM) i3-1115G4 @ 3.00GHz, 4 cores, 7G,  Windows 10 , 64 bit Build 19041 (10.0.19041.3636)
Time: Tue Jul  9 13:16:38 2024 India Standard Time elapsed time: 12556.101557 seconds (0d 3h 29m 16s)

---------------  T H R E A D  ---------------

Current thread (0x00000266e8fee4b0):  JavaThread "C2 CompilerThread0" daemon [_thread_in_native, id=10684, stack(0x000000c2c0c00000,0x000000c2c0d00000)]


Current CompileTask:
C2:12556101 6612 %     4       java.text.MessageFormat::applyPattern @ 34 (422 bytes)

Stack: [0x000000c2c0c00000,0x000000c2c0d00000]
Native frames: (J=compiled Java code, j=interpreted, Vv=VM code, C=native code)
V  [jvm.dll+0x678a4a]
V  [jvm.dll+0x7d9cfd]
V  [jvm.dll+0x7db60e]
V  [jvm.dll+0x7dbc73]
V  [jvm.dll+0x245e1f]
V  [jvm.dll+0xaaafb]
V  [jvm.dll+0xab09c]
V  [jvm.dll+0x36237e]
V  [jvm.dll+0x32ca01]
V  [jvm.dll+0x32be9a]
V  [jvm.dll+0x21812f]
V  [jvm.dll+0x217561]
V  [jvm.dll+0x1a3bc0]
V  [jvm.dll+0x2272de]
V  [jvm.dll+0x22548b]
V  [jvm.dll+0x78f58c]
V  [jvm.dll+0x78998a]
V  [jvm.dll+0x677875]
C  [ucrtbase.dll+0x21bb2]
C  [KERNEL32.DLL+0x17344]
C  [ntdll.dll+0x4cc91]


---------------  P R O C E S S  ---------------

Threads class SMR info:
_java_thread_list=0x00000266ee15a070, length=32, elements={
0x00000266e8fd3060, 0x00000266e8fd3930, 0x00000266e8fe58f0, 0x00000266e8fe61c0,
0x00000266e8fe8aa0, 0x00000266e8fec870, 0x00000266e8fee4b0, 0x00000266e8ff7490,
0x00000266e8ff9bd0, 0x00000266e91f59c0, 0x00000266e951e040, 0x00000266e951e520,
0x00000266f00624f0, 0x00000266efbbcbd0, 0x00000266efc2e0e0, 0x00000266efcb9cd0,
0x00000266efcb97c0, 0x00000266efcb7960, 0x00000266efcba1e0, 0x00000266efcba6f0,
0x00000266efcbac00, 0x00000266efcb8da0, 0x00000266efcb8890, 0x00000266efcb7450,
0x00000266efcb92b0, 0x00000266f133f3d0, 0x00000266f133e4a0, 0x00000266f133c130,
0x00000266f133f8e0, 0x00000266f133c640, 0x00000266f133eec0, 0x00000266f133cb50
}

Java Threads: ( => current thread )
  0x00000266e8fd3060 JavaThread "Reference Handler" daemon [_thread_blocked, id=13832, stack(0x000000c2c0600000,0x000000c2c0700000)]
  0x00000266e8fd3930 JavaThread "Finalizer" daemon [_thread_blocked, id=21604, stack(0x000000c2c0700000,0x000000c2c0800000)]
  0x00000266e8fe58f0 JavaThread "Signal Dispatcher" daemon [_thread_blocked, id=16672, stack(0x000000c2c0800000,0x000000c2c0900000)]
  0x00000266e8fe61c0 JavaThread "Attach Listener" daemon [_thread_blocked, id=18184, stack(0x000000c2c0900000,0x000000c2c0a00000)]
  0x00000266e8fe8aa0 JavaThread "Service Thread" daemon [_thread_blocked, id=18340, stack(0x000000c2c0a00000,0x000000c2c0b00000)]
  0x00000266e8fec870 JavaThread "Monitor Deflation Thread" daemon [_thread_blocked, id=12332, stack(0x000000c2c0b00000,0x000000c2c0c00000)]
=>0x00000266e8fee4b0 JavaThread "C2 CompilerThread0" daemon [_thread_in_native, id=10684, stack(0x000000c2c0c00000,0x000000c2c0d00000)]
  0x00000266e8ff7490 JavaThread "C1 CompilerThread0" daemon [_thread_blocked, id=18728, stack(0x000000c2c0d00000,0x000000c2c0e00000)]
  0x00000266e8ff9bd0 JavaThread "Sweeper thread" daemon [_thread_blocked, id=5732, stack(0x000000c2c0e00000,0x000000c2c0f00000)]
  0x00000266e91f59c0 JavaThread "Common-Cleaner" daemon [_thread_blocked, id=1984, stack(0x000000c2c0f00000,0x000000c2c1000000)]
  0x00000266e951e040 JavaThread "Monitor Ctrl-Break" daemon [_thread_in_native, id=3356, stack(0x000000c2c1000000,0x000000c2c1100000)]
  0x00000266e951e520 JavaThread "Notification Thread" daemon [_thread_blocked, id=19080, stack(0x000000c2c1100000,0x000000c2c1200000)]
  0x00000266f00624f0 JavaThread "Catalina-utility-1" [_thread_blocked, id=23300, stack(0x000000c2c1800000,0x000000c2c1900000)]
  0x00000266efbbcbd0 JavaThread "Catalina-utility-2" [_thread_blocked, id=11160, stack(0x000000c2c1900000,0x000000c2c1a00000)]
  0x00000266efc2e0e0 JavaThread "container-0" [_thread_blocked, id=24108, stack(0x000000c2c1a00000,0x000000c2c1b00000)]
  0x00000266efcb9cd0 JavaThread "mysql-cj-abandoned-connection-cleanup" daemon [_thread_blocked, id=17412, stack(0x000000c2c1b00000,0x000000c2c1c00000)]
  0x00000266efcb97c0 JavaThread "HikariPool-1 housekeeper" daemon [_thread_blocked, id=17260, stack(0x000000c2c1d00000,0x000000c2c1e00000)]
  0x00000266efcb7960 JavaThread "http-nio-9000-exec-1" daemon [_thread_blocked, id=15240, stack(0x000000c2c1f00000,0x000000c2c2000000)]
  0x00000266efcba1e0 JavaThread "http-nio-9000-exec-2" daemon [_thread_blocked, id=24664, stack(0x000000c2c2000000,0x000000c2c2100000)]
  0x00000266efcba6f0 JavaThread "http-nio-9000-exec-3" daemon [_thread_blocked, id=20128, stack(0x000000c2c2100000,0x000000c2c2200000)]
  0x00000266efcbac00 JavaThread "http-nio-9000-exec-4" daemon [_thread_blocked, id=16328, stack(0x000000c2c2200000,0x000000c2c2300000)]
  0x00000266efcb8da0 JavaThread "http-nio-9000-exec-5" daemon [_thread_blocked, id=7036, stack(0x000000c2c2300000,0x000000c2c2400000)]
  0x00000266efcb8890 JavaThread "http-nio-9000-exec-6" daemon [_thread_blocked, id=16860, stack(0x000000c2c2400000,0x000000c2c2500000)]
  0x00000266efcb7450 JavaThread "http-nio-9000-exec-7" daemon [_thread_blocked, id=3516, stack(0x000000c2c2500000,0x000000c2c2600000)]
  0x00000266efcb92b0 JavaThread "http-nio-9000-exec-8" daemon [_thread_blocked, id=17640, stack(0x000000c2c2600000,0x000000c2c2700000)]
  0x00000266f133f3d0 JavaThread "http-nio-9000-exec-9" daemon [_thread_blocked, id=24912, stack(0x000000c2c2700000,0x000000c2c2800000)]
  0x00000266f133e4a0 JavaThread "http-nio-9000-exec-10" daemon [_thread_blocked, id=12748, stack(0x000000c2c2800000,0x000000c2c2900000)]
  0x00000266f133c130 JavaThread "http-nio-9000-Poller" daemon [_thread_in_native, id=18960, stack(0x000000c2c2900000,0x000000c2c2a00000)]
  0x00000266f133f8e0 JavaThread "http-nio-9000-Acceptor" daemon [_thread_in_native, id=3864, stack(0x000000c2c2a00000,0x000000c2c2b00000)]
  0x00000266f133c640 JavaThread "DestroyJavaVM" [_thread_blocked, id=3568, stack(0x000000c2bff00000,0x000000c2c0000000)]
  0x00000266f133eec0 JavaThread "HikariPool-1 connection closer" daemon [_thread_blocked, id=25252, stack(0x000000c2bfc00000,0x000000c2bfd00000)]
  0x00000266f133cb50 JavaThread "HikariPool-1 connection adder" daemon [_thread_in_vm, id=9304, stack(0x000000c2bfd00000,0x000000c2bfe00000)]

Other Threads:
  0x00000266e8fcbed0 VMThread "VM Thread" [stack: 0x000000c2c0500000,0x000000c2c0600000] [id=19424]
  0x00000266cba393d0 WatcherThread [stack: 0x000000c2c1200000,0x000000c2c1300000] [id=24472]
  0x00000266cba15990 GCTaskThread "GC Thread#0" [stack: 0x000000c2c0000000,0x000000c2c0100000] [id=24812]
  0x00000266e9b82c30 GCTaskThread "GC Thread#1" [stack: 0x000000c2c1400000,0x000000c2c1500000] [id=1212]
  0x00000266e987a890 GCTaskThread "GC Thread#2" [stack: 0x000000c2c1500000,0x000000c2c1600000] [id=25108]
  0x00000266e987ab50 GCTaskThread "GC Thread#3" [stack: 0x000000c2c1600000,0x000000c2c1700000] [id=3392]
  0x00000266cba26d00 ConcurrentGCThread "G1 Main Marker" [stack: 0x000000c2c0100000,0x000000c2c0200000] [id=21460]
  0x00000266cba27dc0 ConcurrentGCThread "G1 Conc#0" [stack: 0x000000c2c0200000,0x000000c2c0300000] [id=3360]
  0x00000266cba827d0 ConcurrentGCThread "G1 Refine#0" [stack: 0x000000c2c0300000,0x000000c2c0400000] [id=19724]
  0x00000266e9bef5d0 ConcurrentGCThread "G1 Refine#1" [stack: 0x000000c2c1700000,0x000000c2c1800000] [id=8548]
  0x00000266cba83110 ConcurrentGCThread "G1 Service" [stack: 0x000000c2c0400000,0x000000c2c0500000] [id=15052]

Threads with active compile tasks:
C2 CompilerThread0  12556139 6612 %     4       java.text.MessageFormat::applyPattern @ 34 (422 bytes)

VM state: not at safepoint (normal execution)

VM Mutex/Monitor currently owned by a thread: None

Heap address: 0x0000000085800000, size: 1960 MB, Compressed Oops mode: 32-bit

CDS archive(s) mapped at: [0x0000026680000000-0x0000026680bd0000-0x0000026680bd0000), size 12386304, SharedBaseAddress: 0x0000026680000000, ArchiveRelocationMode: 1.
Compressed class space mapped at: 0x0000026681000000-0x00000266c1000000, reserved size: 1073741824
Narrow klass base: 0x0000026680000000, Narrow klass shift: 0, Narrow klass range: 0x100000000

GC Precious Log:
 CPUs: 4 total, 4 available
 Memory: 7834M
 Large Page Support: Disabled
 NUMA Support: Disabled
 Compressed Oops: Enabled (32-bit)
 Heap Region Size: 1M
 Heap Min Capacity: 8M
 Heap Initial Capacity: 124M
 Heap Max Capacity: 1960M
 Pre-touch: Disabled
 Parallel Workers: 4
 Concurrent Workers: 1
 Concurrent Refinement Workers: 4
 Periodic GC: Disabled

Heap:
 garbage-first heap   total 90112K, used 61591K [0x0000000085800000, 0x0000000100000000)
  region size 1024K, 36 young (36864K), 2 survivors (2048K)
 Metaspace       used 67934K, committed 68480K, reserved 1114112K
  class space    used 9140K, committed 9408K, reserved 1048576K

Heap Regions: E=young(eden), S=young(survivor), O=old, HS=humongous(starts), HC=humongous(continues), CS=collection set, F=free, OA=open archive, CA=closed archive, TAMS=top-at-mark-start (previous, next)
|   0|0x0000000085800000, 0x0000000085900000, 0x0000000085900000|100%|HS|  |TAMS 0x0000000085900000, 0x0000000085800000| Complete 
|   1|0x0000000085900000, 0x0000000085a00000, 0x0000000085a00000|100%| O|  |TAMS 0x0000000085a00000, 0x0000000085900000| Untracked 
|   2|0x0000000085a00000, 0x0000000085b00000, 0x0000000085b00000|100%| O|  |TAMS 0x0000000085b00000, 0x0000000085a00000| Untracked 
|   3|0x0000000085b00000, 0x0000000085c00000, 0x0000000085c00000|100%| O|  |TAMS 0x0000000085c00000, 0x0000000085b00000| Untracked 
|   4|0x0000000085c00000, 0x0000000085d00000, 0x0000000085d00000|100%| O|  |TAMS 0x0000000085d00000, 0x0000000085c00000| Untracked 
|   5|0x0000000085d00000, 0x0000000085e00000, 0x0000000085e00000|100%| O|  |TAMS 0x0000000085e00000, 0x0000000085d00000| Untracked 
|   6|0x0000000085e00000, 0x0000000085f00000, 0x0000000085f00000|100%| O|  |TAMS 0x0000000085f00000, 0x0000000085e00000| Untracked 
|   7|0x0000000085f00000, 0x0000000086000000, 0x0000000086000000|100%| O|  |TAMS 0x0000000086000000, 0x0000000085f00000| Untracked 
|   8|0x0000000086000000, 0x0000000086100000, 0x0000000086100000|100%| O|  |TAMS 0x0000000086100000, 0x0000000086000000| Untracked 
|   9|0x0000000086100000, 0x0000000086200000, 0x0000000086200000|100%| O|  |TAMS 0x0000000086200000, 0x0000000086100000| Untracked 
|  10|0x0000000086200000, 0x0000000086300000, 0x0000000086300000|100%| O|  |TAMS 0x0000000086300000, 0x0000000086200000| Untracked 
|  11|0x0000000086300000, 0x0000000086400000, 0x0000000086400000|100%| O|  |TAMS 0x0000000086400000, 0x0000000086300000| Untracked 
|  12|0x0000000086400000, 0x0000000086500000, 0x0000000086500000|100%| O|  |TAMS 0x0000000086400000, 0x0000000086400000| Untracked 
|  13|0x0000000086500000, 0x0000000086600000, 0x0000000086600000|100%| O|  |TAMS 0x0000000086500000, 0x0000000086500000| Untracked 
|  14|0x0000000086600000, 0x0000000086700000, 0x0000000086700000|100%| O|  |TAMS 0x0000000086600000, 0x0000000086600000| Untracked 
|  15|0x0000000086700000, 0x0000000086800000, 0x0000000086800000|100%| O|  |TAMS 0x0000000086800000, 0x0000000086700000| Untracked 
|  16|0x0000000086800000, 0x0000000086900000, 0x0000000086900000|100%| O|  |TAMS 0x0000000086900000, 0x0000000086800000| Untracked 
|  17|0x0000000086900000, 0x0000000086a00000, 0x0000000086a00000|100%| O|  |TAMS 0x0000000086a00000, 0x0000000086900000| Untracked 
|  18|0x0000000086a00000, 0x0000000086b00000, 0x0000000086b00000|100%| O|  |TAMS 0x0000000086b00000, 0x0000000086a00000| Untracked 
|  19|0x0000000086b00000, 0x0000000086c00000, 0x0000000086c00000|100%| O|  |TAMS 0x0000000086c00000, 0x0000000086b00000| Untracked 
|  20|0x0000000086c00000, 0x0000000086d00000, 0x0000000086d00000|100%| O|  |TAMS 0x0000000086d00000, 0x0000000086c00000| Untracked 
|  21|0x0000000086d00000, 0x0000000086d00000, 0x0000000086e00000|  0%| F|  |TAMS 0x0000000086d00000, 0x0000000086d00000| Untracked 
|  22|0x0000000086e00000, 0x0000000086f00000, 0x0000000086f00000|100%| O|  |TAMS 0x0000000086e00000, 0x0000000086e00000| Untracked 
|  23|0x0000000086f00000, 0x0000000087000000, 0x0000000087000000|100%| O|  |TAMS 0x0000000086f00000, 0x0000000086f00000| Untracked 
|  24|0x0000000087000000, 0x0000000087100000, 0x0000000087100000|100%| O|  |TAMS 0x0000000087000000, 0x0000000087000000| Untracked 
|  25|0x0000000087100000, 0x000000008719d000, 0x0000000087200000| 61%| O|  |TAMS 0x0000000087100000, 0x0000000087100000| Untracked 
|  26|0x0000000087200000, 0x0000000087200000, 0x0000000087300000|  0%| F|  |TAMS 0x0000000087200000, 0x0000000087200000| Untracked 
|  27|0x0000000087300000, 0x0000000087300000, 0x0000000087400000|  0%| F|  |TAMS 0x0000000087300000, 0x0000000087300000| Untracked 
|  28|0x0000000087400000, 0x0000000087400000, 0x0000000087500000|  0%| F|  |TAMS 0x0000000087400000, 0x0000000087400000| Untracked 
|  29|0x0000000087500000, 0x0000000087500000, 0x0000000087600000|  0%| F|  |TAMS 0x0000000087500000, 0x0000000087500000| Untracked 
|  30|0x0000000087600000, 0x0000000087600000, 0x0000000087700000|  0%| F|  |TAMS 0x0000000087600000, 0x0000000087600000| Untracked 
|  31|0x0000000087700000, 0x0000000087700000, 0x0000000087800000|  0%| F|  |TAMS 0x0000000087700000, 0x0000000087700000| Untracked 
|  32|0x0000000087800000, 0x0000000087800000, 0x0000000087900000|  0%| F|  |TAMS 0x0000000087800000, 0x0000000087800000| Untracked 
|  33|0x0000000087900000, 0x0000000087900000, 0x0000000087a00000|  0%| F|  |TAMS 0x0000000087900000, 0x0000000087900000| Untracked 
|  34|0x0000000087a00000, 0x0000000087a00000, 0x0000000087b00000|  0%| F|  |TAMS 0x0000000087a00000, 0x0000000087a00000| Untracked 
|  35|0x0000000087b00000, 0x0000000087b88f70, 0x0000000087c00000| 53%| S|CS|TAMS 0x0000000087b00000, 0x0000000087b00000| Complete 
|  36|0x0000000087c00000, 0x0000000087d00000, 0x0000000087d00000|100%| S|CS|TAMS 0x0000000087c00000, 0x0000000087c00000| Complete 
|  37|0x0000000087d00000, 0x0000000087d00000, 0x0000000087e00000|  0%| F|  |TAMS 0x0000000087d00000, 0x0000000087d00000| Untracked 
|  38|0x0000000087e00000, 0x0000000087e00000, 0x0000000087f00000|  0%| F|  |TAMS 0x0000000087e00000, 0x0000000087e00000| Untracked 
|  39|0x0000000087f00000, 0x0000000087f00000, 0x0000000088000000|  0%| F|  |TAMS 0x0000000087f00000, 0x0000000087f00000| Untracked 
|  40|0x0000000088000000, 0x0000000088000000, 0x0000000088100000|  0%| F|  |TAMS 0x0000000088000000, 0x0000000088000000| Untracked 
|  41|0x0000000088100000, 0x0000000088100000, 0x0000000088200000|  0%| F|  |TAMS 0x0000000088100000, 0x0000000088100000| Untracked 
|  42|0x0000000088200000, 0x0000000088200000, 0x0000000088300000|  0%| F|  |TAMS 0x0000000088200000, 0x0000000088200000| Untracked 
|  43|0x0000000088300000, 0x0000000088300000, 0x0000000088400000|  0%| F|  |TAMS 0x0000000088300000, 0x0000000088300000| Untracked 
|  44|0x0000000088400000, 0x0000000088400000, 0x0000000088500000|  0%| F|  |TAMS 0x0000000088400000, 0x0000000088400000| Untracked 
|  45|0x0000000088500000, 0x0000000088500000, 0x0000000088600000|  0%| F|  |TAMS 0x0000000088500000, 0x0000000088500000| Untracked 
|  46|0x0000000088600000, 0x0000000088600000, 0x0000000088700000|  0%| F|  |TAMS 0x0000000088600000, 0x0000000088600000| Untracked 
|  47|0x0000000088700000, 0x0000000088700000, 0x0000000088800000|  0%| F|  |TAMS 0x0000000088700000, 0x0000000088700000| Untracked 
|  48|0x0000000088800000, 0x0000000088800000, 0x0000000088900000|  0%| F|  |TAMS 0x0000000088800000, 0x0000000088800000| Untracked 
|  49|0x0000000088900000, 0x0000000088900000, 0x0000000088a00000|  0%| F|  |TAMS 0x0000000088900000, 0x0000000088900000| Untracked 
|  50|0x0000000088a00000, 0x0000000088a00000, 0x0000000088b00000|  0%| F|  |TAMS 0x0000000088a00000, 0x0000000088a00000| Untracked 
|  51|0x0000000088b00000, 0x0000000088b00000, 0x0000000088c00000|  0%| F|  |TAMS 0x0000000088b00000, 0x0000000088b00000| Untracked 
|  52|0x0000000088c00000, 0x0000000088c00000, 0x0000000088d00000|  0%| F|  |TAMS 0x0000000088c00000, 0x0000000088c00000| Untracked 
|  53|0x0000000088d00000, 0x0000000088d458f8, 0x0000000088e00000| 27%| E|  |TAMS 0x0000000088d00000, 0x0000000088d00000| Complete 
|  54|0x0000000088e00000, 0x0000000088f00000, 0x0000000088f00000|100%| E|CS|TAMS 0x0000000088e00000, 0x0000000088e00000| Complete 
|  55|0x0000000088f00000, 0x0000000089000000, 0x0000000089000000|100%| E|CS|TAMS 0x0000000088f00000, 0x0000000088f00000| Complete 
|  56|0x0000000089000000, 0x0000000089100000, 0x0000000089100000|100%| E|CS|TAMS 0x0000000089000000, 0x0000000089000000| Complete 
|  57|0x0000000089100000, 0x0000000089200000, 0x0000000089200000|100%| E|CS|TAMS 0x0000000089100000, 0x0000000089100000| Complete 
|  58|0x0000000089200000, 0x0000000089300000, 0x0000000089300000|100%| E|CS|TAMS 0x0000000089200000, 0x0000000089200000| Complete 
|  59|0x0000000089300000, 0x0000000089400000, 0x0000000089400000|100%| E|CS|TAMS 0x0000000089300000, 0x0000000089300000| Complete 
|  60|0x0000000089400000, 0x0000000089500000, 0x0000000089500000|100%| E|CS|TAMS 0x0000000089400000, 0x0000000089400000| Complete 
|  61|0x0000000089500000, 0x0000000089600000, 0x0000000089600000|100%| E|CS|TAMS 0x0000000089500000, 0x0000000089500000| Complete 
|  62|0x0000000089600000, 0x0000000089700000, 0x0000000089700000|100%| E|CS|TAMS 0x0000000089600000, 0x0000000089600000| Complete 
|  63|0x0000000089700000, 0x0000000089800000, 0x0000000089800000|100%| E|CS|TAMS 0x0000000089700000, 0x0000000089700000| Complete 
|  64|0x0000000089800000, 0x0000000089900000, 0x0000000089900000|100%| E|CS|TAMS 0x0000000089800000, 0x0000000089800000| Complete 
|  65|0x0000000089900000, 0x0000000089a00000, 0x0000000089a00000|100%| E|CS|TAMS 0x0000000089900000, 0x0000000089900000| Complete 
|  66|0x0000000089a00000, 0x0000000089b00000, 0x0000000089b00000|100%| E|CS|TAMS 0x0000000089a00000, 0x0000000089a00000| Complete 
|  67|0x0000000089b00000, 0x0000000089c00000, 0x0000000089c00000|100%| E|CS|TAMS 0x0000000089b00000, 0x0000000089b00000| Complete 
|  68|0x0000000089c00000, 0x0000000089d00000, 0x0000000089d00000|100%| E|CS|TAMS 0x0000000089c00000, 0x0000000089c00000| Complete 
|  69|0x0000000089d00000, 0x0000000089e00000, 0x0000000089e00000|100%| E|CS|TAMS 0x0000000089d00000, 0x0000000089d00000| Complete 
|  70|0x0000000089e00000, 0x0000000089f00000, 0x0000000089f00000|100%| E|CS|TAMS 0x0000000089e00000, 0x0000000089e00000| Complete 
|  71|0x0000000089f00000, 0x000000008a000000, 0x000000008a000000|100%| E|CS|TAMS 0x0000000089f00000, 0x0000000089f00000| Complete 
|  72|0x000000008a000000, 0x000000008a100000, 0x000000008a100000|100%| E|CS|TAMS 0x000000008a000000, 0x000000008a000000| Complete 
|  73|0x000000008a100000, 0x000000008a200000, 0x000000008a200000|100%| E|CS|TAMS 0x000000008a100000, 0x000000008a100000| Complete 
|  74|0x000000008a200000, 0x000000008a300000, 0x000000008a300000|100%| E|CS|TAMS 0x000000008a200000, 0x000000008a200000| Complete 
|  75|0x000000008a300000, 0x000000008a400000, 0x000000008a400000|100%| E|CS|TAMS 0x000000008a300000, 0x000000008a300000| Complete 
|  76|0x000000008a400000, 0x000000008a500000, 0x000000008a500000|100%| E|CS|TAMS 0x000000008a400000, 0x000000008a400000| Complete 
|  77|0x000000008a500000, 0x000000008a600000, 0x000000008a600000|100%| E|CS|TAMS 0x000000008a500000, 0x000000008a500000| Complete 
|  78|0x000000008a600000, 0x000000008a700000, 0x000000008a700000|100%| E|CS|TAMS 0x000000008a600000, 0x000000008a600000| Complete 
|  79|0x000000008a700000, 0x000000008a800000, 0x000000008a800000|100%| E|CS|TAMS 0x000000008a700000, 0x000000008a700000| Complete 
|  80|0x000000008a800000, 0x000000008a900000, 0x000000008a900000|100%| E|CS|TAMS 0x000000008a800000, 0x000000008a800000| Complete 
|  81|0x000000008a900000, 0x000000008aa00000, 0x000000008aa00000|100%| E|CS|TAMS 0x000000008a900000, 0x000000008a900000| Complete 
|  82|0x000000008aa00000, 0x000000008ab00000, 0x000000008ab00000|100%| E|CS|TAMS 0x000000008aa00000, 0x000000008aa00000| Complete 
|  83|0x000000008ab00000, 0x000000008ac00000, 0x000000008ac00000|100%| E|CS|TAMS 0x000000008ab00000, 0x000000008ab00000| Complete 
|  84|0x000000008ac00000, 0x000000008ad00000, 0x000000008ad00000|100%| E|CS|TAMS 0x000000008ac00000, 0x000000008ac00000| Complete 
|  85|0x000000008ad00000, 0x000000008ae00000, 0x000000008ae00000|100%| E|CS|TAMS 0x000000008ad00000, 0x000000008ad00000| Complete 
| 123|0x000000008d300000, 0x000000008d400000, 0x000000008d400000|100%| E|CS|TAMS 0x000000008d300000, 0x000000008d300000| Complete 
|1959|0x00000000fff00000, 0x0000000100000000, 0x0000000100000000|100%| O|  |TAMS 0x0000000100000000, 0x00000000fff00000| Untracked 

Card table byte_map: [0x00000266e2640000,0x00000266e2a20000] _byte_map_base: 0x00000266e2214000

Marking Bits (Prev, Next): (CMBitMap*) 0x00000266cba16f10, (CMBitMap*) 0x00000266cba16ed0
 Prev Bits: [0x00000266e4ca0000, 0x00000266e6b40000)
 Next Bits: [0x00000266e2e00000, 0x00000266e4ca0000)

Polling page: 0x00000266c99a0000

Metaspace:

Usage:
  Non-class:     57.42 MB used.
      Class:      8.93 MB used.
       Both:     66.34 MB used.

Virtual space:
  Non-class space:       64.00 MB reserved,      57.69 MB ( 90%) committed,  1 nodes.
      Class space:        1.00 GB reserved,       9.19 MB ( <1%) committed,  1 nodes.
             Both:        1.06 GB reserved,      66.88 MB (  6%) committed. 

Chunk freelists:
   Non-Class:  6.00 MB
       Class:  6.70 MB
        Both:  12.70 MB

MaxMetaspaceSize: unlimited
CompressedClassSpaceSize: 1.00 GB
Initial GC threshold: 21.00 MB
Current GC threshold: 98.38 MB
CDS: on
MetaspaceReclaimPolicy: balanced
 - commit_granule_bytes: 65536.
 - commit_granule_words: 8192.
 - virtual_space_node_default_size: 8388608.
 - enlarge_chunks_in_place: 1.
 - new_chunks_are_fully_committed: 0.
 - uncommit_free_chunks: 1.
 - use_allocation_guard: 0.
 - handle_deallocations: 1.


Internal statistics:

num_allocs_failed_limit: 9.
num_arena_births: 788.
num_arena_deaths: 0.
num_vsnodes_births: 2.
num_vsnodes_deaths: 0.
num_space_committed: 1070.
num_space_uncommitted: 0.
num_chunks_returned_to_freelist: 9.
num_chunks_taken_from_freelist: 3188.
num_chunk_merges: 9.
num_chunk_splits: 2287.
num_chunks_enlarged: 1788.
num_inconsistent_stats: 0.

CodeHeap 'non-profiled nmethods': size=120000Kb used=3943Kb max_used=3943Kb free=116056Kb
 bounds [0x00000266dad30000, 0x00000266db110000, 0x00000266e2260000]
CodeHeap 'profiled nmethods': size=120000Kb used=11509Kb max_used=11509Kb free=108490Kb
 bounds [0x00000266d3260000, 0x00000266d3da0000, 0x00000266da790000]
CodeHeap 'non-nmethods': size=5760Kb used=1381Kb max_used=1456Kb free=4378Kb
 bounds [0x00000266da790000, 0x00000266daa00000, 0x00000266dad30000]
 total_blobs=6493 nmethods=5789 adapters=613
 compilation: enabled
              stopped_count=0, restarted_count=0
 full_count=0

Compilation events (20 events):
Event: 12551.477 Thread 0x00000266e8ff7490 nmethod 6602 0x00000266d3d9c590 code [0x00000266d3d9c720, 0x00000266d3d9c878]
Event: 12551.477 Thread 0x00000266e8ff7490 6603       1       java.net.InetAddress$InetAddressHolder::getAddress (5 bytes)
Event: 12551.477 Thread 0x00000266e8ff7490 nmethod 6603 0x00000266db109890 code [0x00000266db109a20, 0x00000266db109af8]
Event: 12551.477 Thread 0x00000266e8ff7490 6604       3       java.net.InetSocketAddress::getPort (8 bytes)
Event: 12551.480 Thread 0x00000266e8ff7490 nmethod 6604 0x00000266d3d9c910 code [0x00000266d3d9caa0, 0x00000266d3d9cbd8]
Event: 12551.483 Thread 0x00000266e8ff7490 6605       1       sun.security.util.BitArray::length (5 bytes)
Event: 12551.483 Thread 0x00000266e8ff7490 nmethod 6605 0x00000266db109b90 code [0x00000266db109d20, 0x00000266db109df8]
Event: 12551.487 Thread 0x00000266e8ff7490 6606       3       sun.security.util.DerOutputStream::<init> (5 bytes)
Event: 12551.487 Thread 0x00000266e8ff7490 nmethod 6606 0x00000266d3d9cc90 code [0x00000266d3d9ce40, 0x00000266d3d9cfe8]
Event: 12551.500 Thread 0x00000266e8ff7490 6607       3       java.security.MessageDigest$Delegate::clone (51 bytes)
Event: 12551.503 Thread 0x00000266e8ff7490 nmethod 6607 0x00000266d3d9d090 code [0x00000266d3d9d2a0, 0x00000266d3d9db38]
Event: 12551.505 Thread 0x00000266e8ff7490 6608       3       sun.security.provider.SHA2$SHA256::<init> (12 bytes)
Event: 12551.506 Thread 0x00000266e8ff7490 nmethod 6608 0x00000266d3d9dd90 code [0x00000266d3d9df60, 0x00000266d3d9e508]
Event: 12556.054 Thread 0x00000266e8ff7490 6609       3       sun.net.ext.ExtendedSocketOptions::isOptionSupported (11 bytes)
Event: 12556.055 Thread 0x00000266e8ff7490 nmethod 6609 0x00000266d3d9e690 code [0x00000266d3d9e840, 0x00000266d3d9ea28]
Event: 12556.055 Thread 0x00000266e8ff7490 6610       3       sun.nio.ch.SocketOptionRegistry::findOption (23 bytes)
Event: 12556.058 Thread 0x00000266e8ff7490 nmethod 6610 0x00000266d3d9eb10 code [0x00000266d3d9ece0, 0x00000266d3d9f228]
Event: 12556.058 Thread 0x00000266e8ff7490 6611       3       sun.nio.ch.SocketOptionRegistry$RegistryKey::equals (48 bytes)
Event: 12556.058 Thread 0x00000266e8ff7490 nmethod 6611 0x00000266d3d9f390 code [0x00000266d3d9f560, 0x00000266d3d9fa18]
Event: 12556.075 Thread 0x00000266e8fee4b0 6612 %     4       java.text.MessageFormat::applyPattern @ 34 (422 bytes)

GC Heap History (20 events):
Event: 3.603 GC heap before
{Heap before GC invocations=5 (full 0):
 garbage-first heap   total 48128K, used 37792K [0x0000000085800000, 0x0000000100000000)
  region size 1024K, 32 young (32768K), 7 survivors (7168K)
 Metaspace       used 26741K, committed 27136K, reserved 1114112K
  class space    used 3400K, committed 3584K, reserved 1048576K
}
Event: 3.621 GC heap after
{Heap after GC invocations=6 (full 0):
 garbage-first heap   total 49152K, used 16016K [0x0000000085800000, 0x0000000100000000)
  region size 1024K, 7 young (7168K), 7 survivors (7168K)
 Metaspace       used 26741K, committed 27136K, reserved 1114112K
  class space    used 3400K, committed 3584K, reserved 1048576K
}
Event: 4.584 GC heap before
{Heap before GC invocations=6 (full 0):
 garbage-first heap   total 49152K, used 33424K [0x0000000085800000, 0x0000000100000000)
  region size 1024K, 25 young (25600K), 7 survivors (7168K)
 Metaspace       used 30275K, committed 30720K, reserved 1114112K
  class space    used 3875K, committed 4096K, reserved 1048576K
}
Event: 4.594 GC heap after
{Heap after GC invocations=7 (full 0):
 garbage-first heap   total 59392K, used 17417K [0x0000000085800000, 0x0000000100000000)
  region size 1024K, 2 young (2048K), 2 survivors (2048K)
 Metaspace       used 30275K, committed 30720K, reserved 1114112K
  class space    used 3875K, committed 4096K, reserved 1048576K
}
Event: 5.174 GC heap before
{Heap before GC invocations=7 (full 0):
 garbage-first heap   total 59392K, used 36873K [0x0000000085800000, 0x0000000100000000)
  region size 1024K, 23 young (23552K), 2 survivors (2048K)
 Metaspace       used 35587K, committed 35968K, reserved 1114112K
  class space    used 4742K, committed 4928K, reserved 1048576K
}
Event: 5.179 GC heap after
{Heap after GC invocations=8 (full 0):
 garbage-first heap   total 59392K, used 18039K [0x0000000085800000, 0x0000000100000000)
  region size 1024K, 3 young (3072K), 3 survivors (3072K)
 Metaspace       used 35587K, committed 35968K, reserved 1114112K
  class space    used 4742K, committed 4928K, reserved 1048576K
}
Event: 6.070 GC heap before
{Heap before GC invocations=9 (full 0):
 garbage-first heap   total 59392K, used 42615K [0x0000000085800000, 0x0000000100000000)
  region size 1024K, 28 young (28672K), 3 survivors (3072K)
 Metaspace       used 45832K, committed 46208K, reserved 1114112K
  class space    used 6024K, committed 6208K, reserved 1048576K
}
Event: 6.077 GC heap after
{Heap after GC invocations=10 (full 0):
 garbage-first heap   total 59392K, used 20448K [0x0000000085800000, 0x0000000100000000)
  region size 1024K, 4 young (4096K), 4 survivors (4096K)
 Metaspace       used 45832K, committed 46208K, reserved 1114112K
  class space    used 6024K, committed 6208K, reserved 1048576K
}
Event: 6.772 GC heap before
{Heap before GC invocations=10 (full 0):
 garbage-first heap   total 59392K, used 44000K [0x0000000085800000, 0x0000000100000000)
  region size 1024K, 28 young (28672K), 4 survivors (4096K)
 Metaspace       used 52573K, committed 53056K, reserved 1114112K
  class space    used 7030K, committed 7232K, reserved 1048576K
}
Event: 6.780 GC heap after
{Heap after GC invocations=11 (full 0):
 garbage-first heap   total 59392K, used 22236K [0x0000000085800000, 0x0000000100000000)
  region size 1024K, 2 young (2048K), 2 survivors (2048K)
 Metaspace       used 52573K, committed 53056K, reserved 1114112K
  class space    used 7030K, committed 7232K, reserved 1048576K
}
Event: 7.370 GC heap before
{Heap before GC invocations=11 (full 0):
 garbage-first heap   total 59392K, used 45788K [0x0000000085800000, 0x0000000100000000)
  region size 1024K, 25 young (25600K), 2 survivors (2048K)
 Metaspace       used 57928K, committed 58496K, reserved 1114112K
  class space    used 7782K, committed 8064K, reserved 1048576K
}
Event: 7.376 GC heap after
{Heap after GC invocations=12 (full 0):
 garbage-first heap   total 59392K, used 23475K [0x0000000085800000, 0x0000000100000000)
  region size 1024K, 3 young (3072K), 3 survivors (3072K)
 Metaspace       used 57928K, committed 58496K, reserved 1114112K
  class space    used 7782K, committed 8064K, reserved 1048576K
}
Event: 7.605 GC heap before
{Heap before GC invocations=12 (full 0):
 garbage-first heap   total 59392K, used 30643K [0x0000000085800000, 0x0000000100000000)
  region size 1024K, 11 young (11264K), 3 survivors (3072K)
 Metaspace       used 59581K, committed 60096K, reserved 1114112K
  class space    used 8032K, committed 8256K, reserved 1048576K
}
Event: 7.611 GC heap after
{Heap after GC invocations=13 (full 0):
 garbage-first heap   total 59392K, used 24149K [0x0000000085800000, 0x0000000100000000)
  region size 1024K, 3 young (3072K), 3 survivors (3072K)
 Metaspace       used 59581K, committed 60096K, reserved 1114112K
  class space    used 8032K, committed 8256K, reserved 1048576K
}
Event: 8.474 GC heap before
{Heap before GC invocations=14 (full 0):
 garbage-first heap   total 59392K, used 46677K [0x0000000085800000, 0x0000000100000000)
  region size 1024K, 25 young (25600K), 3 survivors (3072K)
 Metaspace       used 62246K, committed 62784K, reserved 1114112K
  class space    used 8458K, committed 8704K, reserved 1048576K
}
Event: 8.492 GC heap after
{Heap after GC invocations=15 (full 0):
 garbage-first heap   total 59392K, used 26834K [0x0000000085800000, 0x0000000100000000)
  region size 1024K, 4 young (4096K), 4 survivors (4096K)
 Metaspace       used 62246K, committed 62784K, reserved 1114112K
  class space    used 8458K, committed 8704K, reserved 1048576K
}
Event: 8.562 GC heap before
{Heap before GC invocations=15 (full 0):
 garbage-first heap   total 59392K, used 27858K [0x0000000085800000, 0x0000000100000000)
  region size 1024K, 5 young (5120K), 4 survivors (4096K)
 Metaspace       used 62378K, committed 62848K, reserved 1114112K
  class space    used 8476K, committed 8704K, reserved 1048576K
}
Event: 8.575 GC heap after
{Heap after GC invocations=16 (full 0):
 garbage-first heap   total 59392K, used 26823K [0x0000000085800000, 0x0000000100000000)
  region size 1024K, 1 young (1024K), 1 survivors (1024K)
 Metaspace       used 62378K, committed 62848K, reserved 1114112K
  class space    used 8476K, committed 8704K, reserved 1048576K
}
Event: 242.692 GC heap before
{Heap before GC invocations=16 (full 0):
 garbage-first heap   total 59392K, used 46279K [0x0000000085800000, 0x0000000100000000)
  region size 1024K, 20 young (20480K), 1 survivors (1024K)
 Metaspace       used 67011K, committed 67584K, reserved 1114112K
  class space    used 9084K, committed 9344K, reserved 1048576K
}
Event: 242.706 GC heap after
{Heap after GC invocations=17 (full 0):
 garbage-first heap   total 90112K, used 27799K [0x0000000085800000, 0x0000000100000000)
  region size 1024K, 2 young (2048K), 2 survivors (2048K)
 Metaspace       used 67011K, committed 67584K, reserved 1114112K
  class space    used 9084K, committed 9344K, reserved 1048576K
}

Deoptimization events (20 events):
Event: 7259.335 Thread 0x00000266f133df90 DEOPT PACKING pc=0x00000266db0d92a0 sp=0x000000c2bfdfda40
Event: 7259.335 Thread 0x00000266f133df90 DEOPT UNPACKING pc=0x00000266da7e5ba3 sp=0x000000c2bfdfda28 mode 2
Event: 7259.335 Thread 0x00000266f133df90 Uncommon trap: trap_request=0xffffffbe fr.pc=0x00000266db0d92a0 relative=0x0000000000000a60
Event: 7259.335 Thread 0x00000266f133df90 Uncommon trap: reason=profile_predicate action=maybe_recompile pc=0x00000266db0d92a0 method=java.math.BigInteger.montReduce([I[III)[I @ 56 c2
Event: 7259.335 Thread 0x00000266f133df90 DEOPT PACKING pc=0x00000266db0d92a0 sp=0x000000c2bfdfdb60
Event: 7259.335 Thread 0x00000266f133df90 DEOPT UNPACKING pc=0x00000266da7e5ba3 sp=0x000000c2bfdfdb48 mode 2
Event: 7259.335 Thread 0x00000266f133df90 Uncommon trap: trap_request=0xffffffbe fr.pc=0x00000266db0d92a0 relative=0x0000000000000a60
Event: 7259.335 Thread 0x00000266f133df90 Uncommon trap: reason=profile_predicate action=maybe_recompile pc=0x00000266db0d92a0 method=java.math.BigInteger.montReduce([I[III)[I @ 56 c2
Event: 7259.335 Thread 0x00000266f133df90 DEOPT PACKING pc=0x00000266db0d92a0 sp=0x000000c2bfdfda50
Event: 7259.335 Thread 0x00000266f133df90 DEOPT UNPACKING pc=0x00000266da7e5ba3 sp=0x000000c2bfdfda18 mode 2
Event: 7274.229 Thread 0x00000266f133fdf0 DEOPT PACKING pc=0x00000266d3bb1f3d sp=0x000000c2bfdfdce0
Event: 7274.229 Thread 0x00000266f133fdf0 DEOPT UNPACKING pc=0x00000266da7e66e3 sp=0x000000c2bfdfd160 mode 0
Event: 8414.850 Thread 0x00000266efbbcbd0 Uncommon trap: trap_request=0xffffff45 fr.pc=0x00000266daf33eb8 relative=0x0000000000000af8
Event: 8414.851 Thread 0x00000266efbbcbd0 Uncommon trap: reason=unstable_if action=reinterpret pc=0x00000266daf33eb8 method=java.util.concurrent.locks.AbstractQueuedSynchronizer.acquire(Ljava/util/concurrent/locks/AbstractQueuedSynchronizer$Node;IZZZJ)I @ 49 c2
Event: 8414.851 Thread 0x00000266efbbcbd0 DEOPT PACKING pc=0x00000266daf33eb8 sp=0x000000c2c19ff3c0
Event: 8414.851 Thread 0x00000266efbbcbd0 DEOPT UNPACKING pc=0x00000266da7e5ba3 sp=0x000000c2c19ff348 mode 2
Event: 9033.880 Thread 0x00000266f133bc20 DEOPT PACKING pc=0x00000266d356d50e sp=0x000000c2bfdfe5e0
Event: 9033.880 Thread 0x00000266f133bc20 DEOPT UNPACKING pc=0x00000266da7e66e3 sp=0x000000c2bfdfda48 mode 0
Event: 9087.095 Thread 0x00000266f133fdf0 DEOPT PACKING pc=0x00000266d3b5e8e6 sp=0x000000c2bfdfdee0
Event: 9087.095 Thread 0x00000266f133fdf0 DEOPT UNPACKING pc=0x00000266da7e66e3 sp=0x000000c2bfdfd360 mode 0

Classes unloaded (0 events):
No events

Classes redefined (0 events):
No events

Internal exceptions (20 events):
Event: 55.532 Thread 0x00000266efcba1e0 Exception <a 'java/lang/NoSuchMethodError'{0x0000000088899100}: 'java.lang.Object java.lang.invoke.Invokers$Holder.linkToTargetMethod(java.lang.Object, java.lang.Object, java.lang.Object, long, java.lang.Object)'> (0x0000000088899100) 
thrown [s\open\src\hotspot\share\interpreter\linkResolver.cpp, line 759]
Event: 55.921 Thread 0x00000266efcba1e0 Exception <a 'java/lang/NoSuchMethodError'{0x0000000088461838}: 'java.lang.Object java.lang.invoke.DirectMethodHandle$Holder.invokeInterface(java.lang.Object, java.lang.Object, java.lang.Object, java.lang.Object)'> (0x0000000088461838) 
thrown [s\open\src\hotspot\share\interpreter\linkResolver.cpp, line 759]
Event: 55.953 Thread 0x00000266efcba1e0 Exception <a 'java/lang/NoSuchMethodError'{0x00000000884c3508}: 'void java.lang.invoke.DirectMethodHandle$Holder.invokeSpecialIFC(java.lang.Object, java.lang.Object, int, java.lang.Object, java.lang.Object, java.lang.Object, java.lang.Object)'> (0x00000000884c3508) 
thrown [s\open\src\hotspot\share\interpreter\linkResolver.cpp, line 759]
Event: 242.720 Thread 0x00000266efcb92b0 Exception <a 'java/lang/NoSuchMethodError'{0x000000008d339be8}: 'int java.lang.invoke.DirectMethodHandle$Holder.invokeStatic(java.lang.Object, java.lang.Object, int, int)'> (0x000000008d339be8) 
thrown [s\open\src\hotspot\share\interpreter\linkResolver.cpp, line 759]
Event: 242.756 Thread 0x00000266efcb92b0 Exception <a 'java/lang/NoSuchMethodError'{0x000000008d3b4040}: 'java.lang.Object java.lang.invoke.DirectMethodHandle$Holder.invokeSpecial(java.lang.Object, java.lang.Object, long, java.lang.Object, java.lang.Object, long, java.lang.Object, long, java.lang.Object)'> (0x000000008d3b4040) 
thrown [s\open\src\hotspot\share\interpreter\linkResolver.cpp, line 759]
Event: 242.757 Thread 0x00000266efcb92b0 Exception <a 'java/lang/NoSuchMethodError'{0x000000008d3b8100}: 'java.lang.Object java.lang.invoke.DelegatingMethodHandle$Holder.reinvoke_L(java.lang.Object, long, java.lang.Object, java.lang.Object, long, java.lang.Object, long, java.lang.Object)'> (0x000000008d3b8100) 
thrown [s\open\src\hotspot\share\interpreter\linkResolver.cpp, line 759]
Event: 3715.971 Thread 0x00000266f1341740 Exception <a 'java/io/IOException'{0x000000008ab30ed0}> (0x000000008ab30ed0) 
thrown [s\open\src\hotspot\share\prims\jni.cpp, line 516]
Event: 3715.972 Thread 0x00000266f1341740 Exception <a 'java/io/IOException'{0x000000008ab31a10}> (0x000000008ab31a10) 
thrown [s\open\src\hotspot\share\prims\jni.cpp, line 516]
Event: 3715.977 Thread 0x00000266f1341740 Exception <a 'java/io/IOException'{0x000000008ab36a90}> (0x000000008ab36a90) 
thrown [s\open\src\hotspot\share\prims\jni.cpp, line 516]
Event: 3715.977 Thread 0x00000266f1341740 Exception <a 'java/io/IOException'{0x000000008ab375d0}> (0x000000008ab375d0) 
thrown [s\open\src\hotspot\share\prims\jni.cpp, line 516]
Event: 3715.981 Thread 0x00000266f1341740 Exception <a 'java/io/IOException'{0x000000008ab39fc8}> (0x000000008ab39fc8) 
thrown [s\open\src\hotspot\share\prims\jni.cpp, line 516]
Event: 3715.981 Thread 0x00000266f1341740 Exception <a 'java/io/IOException'{0x000000008ab3ab08}> (0x000000008ab3ab08) 
thrown [s\open\src\hotspot\share\prims\jni.cpp, line 516]
Event: 3715.994 Thread 0x00000266f1341740 Exception <a 'java/net/SocketException'{0x000000008ab675a0}: Connection reset by peer: shutdown> (0x000000008ab675a0) 
thrown [s\open\src\hotspot\share\prims\jni.cpp, line 535]
Event: 5385.848 Thread 0x00000266efbbcbd0 Implicit null exception at 0x00000266daf32b15 to 0x00000266daf32da8
Event: 5386.857 Thread 0x00000266efbbcbd0 Implicit null exception at 0x00000266daf32b15 to 0x00000266daf32da8
Event: 5387.843 Thread 0x00000266efbbcbd0 Implicit null exception at 0x00000266daf32b15 to 0x00000266daf32da8
Event: 5388.850 Thread 0x00000266efbbcbd0 Implicit null exception at 0x00000266daf32b15 to 0x00000266daf32da8
Event: 5474.412 Thread 0x00000266f133e9b0 Exception <a 'java/net/SocketException'{0x000000008a694350}: Connection reset by peer: shutdown> (0x000000008a694350) 
thrown [s\open\src\hotspot\share\prims\jni.cpp, line 535]
Event: 5488.611 Thread 0x00000266f133fdf0 Exception <a 'java/io/IOException'{0x000000008a4d72b0}> (0x000000008a4d72b0) 
thrown [s\open\src\hotspot\share\prims\jni.cpp, line 516]
Event: 12539.339 Thread 0x00000266f133cb50 Exception <a 'java/net/SocketException'{0x0000000088ff4160}: Connection reset by peer: shutdown> (0x0000000088ff4160) 
thrown [s\open\src\hotspot\share\prims\jni.cpp, line 535]

VM Operations (20 events):
Event: 9087.505 Executing VM operation: Cleanup
Event: 9087.505 Executing VM operation: Cleanup done
Event: 10760.608 Executing VM operation: Cleanup
Event: 10760.608 Executing VM operation: Cleanup done
Event: 10783.781 Executing VM operation: Cleanup
Event: 10783.782 Executing VM operation: Cleanup done
Event: 10809.971 Executing VM operation: Cleanup
Event: 10809.971 Executing VM operation: Cleanup done
Event: 10817.023 Executing VM operation: Cleanup
Event: 10817.023 Executing VM operation: Cleanup done
Event: 10825.082 Executing VM operation: Cleanup
Event: 10825.082 Executing VM operation: Cleanup done
Event: 10826.092 Executing VM operation: Cleanup
Event: 10826.092 Executing VM operation: Cleanup done
Event: 10861.335 Executing VM operation: Cleanup
Event: 10861.335 Executing VM operation: Cleanup done
Event: 11667.166 Executing VM operation: Cleanup
Event: 11667.167 Executing VM operation: Cleanup done
Event: 12552.203 Executing VM operation: Cleanup
Event: 12552.204 Executing VM operation: Cleanup done

Events (20 events):
Event: 10830.724 Thread 0x00000266f133d570 Thread exited: 0x00000266f133d570
Event: 10830.787 Thread 0x00000266f1340d20 Thread exited: 0x00000266f1340d20
Event: 10849.174 Thread 0x00000266f133fdf0 Thread added: 0x00000266f133fdf0
Event: 10849.175 Thread 0x00000266f1340810 Thread added: 0x00000266f1340810
Event: 10854.189 Thread 0x00000266f133fdf0 Thread exited: 0x00000266f133fdf0
Event: 10854.237 Thread 0x00000266f133cb50 Thread added: 0x00000266f133cb50
Event: 10854.237 Thread 0x00000266f1340810 Thread exited: 0x00000266f1340810
Event: 10854.239 Thread 0x00000266f1341c50 Thread added: 0x00000266f1341c50
Event: 10859.250 Thread 0x00000266f133cb50 Thread exited: 0x00000266f133cb50
Event: 10859.313 Thread 0x00000266f1341c50 Thread exited: 0x00000266f1341c50
Event: 10861.051 Thread 0x00000266f133bc20 Thread added: 0x00000266f133bc20
Event: 10861.052 Thread 0x00000266f1340300 Thread added: 0x00000266f1340300
Event: 10866.057 Thread 0x00000266f133bc20 Thread exited: 0x00000266f133bc20
Event: 10866.120 Thread 0x00000266f1340300 Thread exited: 0x00000266f1340300
Event: 12539.284 Thread 0x00000266f133cb50 Thread added: 0x00000266f133cb50
Event: 12539.342 Thread 0x00000266f1340810 Thread added: 0x00000266f1340810
Event: 12544.351 Thread 0x00000266f133cb50 Thread exited: 0x00000266f133cb50
Event: 12544.566 Thread 0x00000266f1340810 Thread exited: 0x00000266f1340810
Event: 12551.465 Thread 0x00000266f133eec0 Thread added: 0x00000266f133eec0
Event: 12551.474 Thread 0x00000266f133cb50 Thread added: 0x00000266f133cb50


Dynamic libraries:
0x00007ff6fd850000 - 0x00007ff6fd860000 	C:\Program Files\Java\jdk-17\bin\java.exe
0x00007ffc65bb0000 - 0x00007ffc65da8000 	C:\WINDOWS\SYSTEM32\ntdll.dll
0x00007ffc65570000 - 0x00007ffc6562d000 	C:\WINDOWS\System32\KERNEL32.DLL
0x00007ffc63590000 - 0x00007ffc63886000 	C:\WINDOWS\System32\KERNELBASE.dll
0x00007ffc63970000 - 0x00007ffc63a70000 	C:\WINDOWS\System32\ucrtbase.dll
0x00007ffc59de0000 - 0x00007ffc59dfb000 	C:\Program Files\Java\jdk-17\bin\VCRUNTIME140.dll
0x00007ffc5a7b0000 - 0x00007ffc5a7c9000 	C:\Program Files\Java\jdk-17\bin\jli.dll
0x00007ffc642a0000 - 0x00007ffc64350000 	C:\WINDOWS\System32\ADVAPI32.dll
0x00007ffc64350000 - 0x00007ffc643ee000 	C:\WINDOWS\System32\msvcrt.dll
0x00007ffc64d40000 - 0x00007ffc64de0000 	C:\WINDOWS\System32\sechost.dll
0x00007ffc643f0000 - 0x00007ffc64513000 	C:\WINDOWS\System32\RPCRT4.dll
0x00007ffc63390000 - 0x00007ffc633b7000 	C:\WINDOWS\System32\bcrypt.dll
0x00007ffc64e50000 - 0x00007ffc64fef000 	C:\WINDOWS\System32\USER32.dll
0x00007ffc63a70000 - 0x00007ffc63a92000 	C:\WINDOWS\System32\win32u.dll
0x00007ffc64180000 - 0x00007ffc641ab000 	C:\WINDOWS\System32\GDI32.dll
0x00007ffc63270000 - 0x00007ffc63387000 	C:\WINDOWS\System32\gdi32full.dll
0x00007ffc63aa0000 - 0x00007ffc63b3d000 	C:\WINDOWS\System32\msvcp_win.dll
0x00007ffc38bf0000 - 0x00007ffc38e8a000 	C:\WINDOWS\WinSxS\amd64_microsoft.windows.common-controls_6595b64144ccf1df_6.0.19041.4355_none_60b8b9eb71f62e16\COMCTL32.dll
0x00007ffc57960000 - 0x00007ffc5796a000 	C:\WINDOWS\SYSTEM32\VERSION.dll
0x00007ffc65120000 - 0x00007ffc6514f000 	C:\WINDOWS\System32\IMM32.DLL
0x00007ffc5ab50000 - 0x00007ffc5ab5c000 	C:\Program Files\Java\jdk-17\bin\vcruntime140_1.dll
0x00007ffc36cc0000 - 0x00007ffc36d4e000 	C:\Program Files\Java\jdk-17\bin\msvcp140.dll
0x00007ffc160e0000 - 0x00007ffc16cc1000 	C:\Program Files\Java\jdk-17\bin\server\jvm.dll
0x00007ffc641b0000 - 0x00007ffc641b8000 	C:\WINDOWS\System32\PSAPI.DLL
0x00007ffc44cc0000 - 0x00007ffc44ce7000 	C:\WINDOWS\SYSTEM32\WINMM.dll
0x00007ffc5ab40000 - 0x00007ffc5ab49000 	C:\WINDOWS\SYSTEM32\WSOCK32.dll
0x00007ffc659a0000 - 0x00007ffc65a0b000 	C:\WINDOWS\System32\WS2_32.dll
0x00007ffc61ad0000 - 0x00007ffc61ae2000 	C:\WINDOWS\SYSTEM32\kernel.appcore.dll
0x00007ffc5a2d0000 - 0x00007ffc5a2da000 	C:\Program Files\Java\jdk-17\bin\jimage.dll
0x00007ffc60fd0000 - 0x00007ffc611b4000 	C:\WINDOWS\SYSTEM32\DBGHELP.DLL
0x00007ffc57ce0000 - 0x00007ffc57d14000 	C:\WINDOWS\SYSTEM32\dbgcore.DLL
0x00007ffc638e0000 - 0x00007ffc63962000 	C:\WINDOWS\System32\bcryptPrimitives.dll
0x00007ffc5a960000 - 0x00007ffc5a96e000 	C:\Program Files\Java\jdk-17\bin\instrument.dll
0x00007ffc57000000 - 0x00007ffc57025000 	C:\Program Files\Java\jdk-17\bin\java.dll
0x00007ffc36b80000 - 0x00007ffc36c57000 	C:\Program Files\Java\jdk-17\bin\jsvml.dll
0x00007ffc64520000 - 0x00007ffc64c8c000 	C:\WINDOWS\System32\SHELL32.dll
0x00007ffc612d0000 - 0x00007ffc61a6d000 	C:\WINDOWS\SYSTEM32\windows.storage.dll
0x00007ffc65210000 - 0x00007ffc65563000 	C:\WINDOWS\System32\combase.dll
0x00007ffc62bc0000 - 0x00007ffc62bee000 	C:\WINDOWS\SYSTEM32\Wldp.dll
0x00007ffc641c0000 - 0x00007ffc6428d000 	C:\WINDOWS\System32\OLEAUT32.dll
0x00007ffc65aa0000 - 0x00007ffc65b4d000 	C:\WINDOWS\System32\SHCORE.dll
0x00007ffc65790000 - 0x00007ffc657e5000 	C:\WINDOWS\System32\shlwapi.dll
0x00007ffc631a0000 - 0x00007ffc631c4000 	C:\WINDOWS\SYSTEM32\profapi.dll
0x00007ffc50560000 - 0x00007ffc50578000 	C:\Program Files\Java\jdk-17\bin\zip.dll
0x00007ffc59400000 - 0x00007ffc59419000 	C:\Program Files\Java\jdk-17\bin\net.dll
0x00007ffc5b720000 - 0x00007ffc5b82a000 	C:\WINDOWS\SYSTEM32\WINHTTP.dll
0x00007ffc62920000 - 0x00007ffc6298a000 	C:\WINDOWS\system32\mswsock.dll
0x00007ffc56160000 - 0x00007ffc56176000 	C:\Program Files\Java\jdk-17\bin\nio.dll
0x00007ffc4f6c0000 - 0x00007ffc4f6da000 	C:\Program Files\JetBrains\IntelliJ IDEA Community Edition 2023.3.2\bin\breakgen64.dll
0x00007ffc59670000 - 0x00007ffc5967e000 	C:\Program Files\Java\jdk-17\bin\sunmscapi.dll
0x00007ffc633c0000 - 0x00007ffc6351e000 	C:\WINDOWS\System32\CRYPT32.dll
0x00007ffc62c30000 - 0x00007ffc62c59000 	C:\WINDOWS\SYSTEM32\ncrypt.dll
0x00007ffc62bf0000 - 0x00007ffc62c2b000 	C:\WINDOWS\SYSTEM32\NTASN1.dll
0x00007ffc62b10000 - 0x00007ffc62b28000 	C:\WINDOWS\SYSTEM32\CRYPTSP.dll
0x00007ffc62240000 - 0x00007ffc62274000 	C:\WINDOWS\system32\rsaenh.dll
0x00007ffc63110000 - 0x00007ffc6313e000 	C:\WINDOWS\SYSTEM32\USERENV.dll
0x00007ffc62b30000 - 0x00007ffc62b3c000 	C:\WINDOWS\SYSTEM32\CRYPTBASE.dll
0x00007ffc62600000 - 0x00007ffc6263b000 	C:\WINDOWS\SYSTEM32\IPHLPAPI.DLL
0x00007ffc64290000 - 0x00007ffc64298000 	C:\WINDOWS\System32\NSI.dll
0x00007ffc57970000 - 0x00007ffc57987000 	C:\WINDOWS\SYSTEM32\dhcpcsvc6.DLL
0x00007ffc57cc0000 - 0x00007ffc57cdd000 	C:\WINDOWS\SYSTEM32\dhcpcsvc.DLL
0x00007ffc62640000 - 0x00007ffc6270a000 	C:\WINDOWS\SYSTEM32\DNSAPI.dll
0x00007ffc59ad0000 - 0x00007ffc59ada000 	C:\Program Files\Java\jdk-17\bin\management.dll
0x00007ffc598a0000 - 0x00007ffc598ab000 	C:\Program Files\Java\jdk-17\bin\management_ext.dll
0x00007ffc5a950000 - 0x00007ffc5a960000 	C:\Program Files\Java\jdk-17\bin\verify.dll
0x00007ffc58fa0000 - 0x00007ffc58faa000 	C:\Windows\System32\rasadhlp.dll
0x00007ffc56b80000 - 0x00007ffc56c00000 	C:\WINDOWS\System32\fwpuclnt.dll
0x00007ffc5a720000 - 0x00007ffc5a727000 	C:\WINDOWS\system32\wshunix.dll

dbghelp: loaded successfully - version: 4.0.5 - missing functions: none
symbol engine: initialized successfully - sym options: 0x614 - pdb path: .;C:\Program Files\Java\jdk-17\bin;C:\WINDOWS\SYSTEM32;C:\WINDOWS\WinSxS\amd64_microsoft.windows.common-controls_6595b64144ccf1df_6.0.19041.4355_none_60b8b9eb71f62e16;C:\Program Files\Java\jdk-17\bin\server;C:\Program Files\JetBrains\IntelliJ IDEA Community Edition 2023.3.2\bin

VM Arguments:
jvm_args: -javaagent:C:\Program Files\JetBrains\IntelliJ IDEA Community Edition 2023.3.2\lib\idea_rt.jar=56705:C:\Program Files\JetBrains\IntelliJ IDEA Community Edition 2023.3.2\bin -Dfile.encoding=UTF-8 
java_command: com.VoterApplication.VoterRegistration.VoterRegistrationApplication
java_class_path (initial): D:\SpringBootApplications\VoterRegistration\target\classes;C:\Users\sathish\.m2\repository\org\springframework\boot\spring-boot-starter-data-jpa\3.3.1\spring-boot-starter-data-jpa-3.3.1.jar;C:\Users\sathish\.m2\repository\org\springframework\boot\spring-boot-starter-aop\3.3.1\spring-boot-starter-aop-3.3.1.jar;C:\Users\sathish\.m2\repository\org\springframework\spring-aop\6.1.10\spring-aop-6.1.10.jar;C:\Users\sathish\.m2\repository\org\aspectj\aspectjweaver\1.9.22\aspectjweaver-1.9.22.jar;C:\Users\sathish\.m2\repository\org\springframework\boot\spring-boot-starter-jdbc\3.3.1\spring-boot-starter-jdbc-3.3.1.jar;C:\Users\sathish\.m2\repository\com\zaxxer\HikariCP\5.1.0\HikariCP-5.1.0.jar;C:\Users\sathish\.m2\repository\org\springframework\spring-jdbc\6.1.10\spring-jdbc-6.1.10.jar;C:\Users\sathish\.m2\repository\org\hibernate\orm\hibernate-core\6.5.2.Final\hibernate-core-6.5.2.Final.jar;C:\Users\sathish\.m2\repository\jakarta\persistence\jakarta.persistence-api\3.1.0\jakarta.persistence-api-3.1.0.jar;C:\Users\sathish\.m2\repository\jakarta\transaction\jakarta.transaction-api\2.0.1\jakarta.transaction-api-2.0.1.jar;C:\Users\sathish\.m2\repository\org\jboss\logging\jboss-logging\3.5.3.Final\jboss-logging-3.5.3.Final.jar;C:\Users\sathish\.m2\repository\org\hibernate\common\hibernate-commons-annotations\6.0.6.Final\hibernate-commons-annotations-6.0.6.Final.jar;C:\Users\sathish\.m2\repository\io\smallrye\jandex\3.1.2\jandex-3.1.2.jar;C:\Users\sathish\.m2\repository\com\fasterxml\classmate\1.7.0\classmate-1.7.0.jar;C:\Users\sathish\.m2\repository\net\bytebuddy\byte-buddy\1.14.17\byte-buddy-1.14.17.jar;C:\Users\sathish\.m2\repository\org\glassfish\jaxb\jaxb-runtime\4.0.5\jaxb-runtime-4.0.5.jar;C:\Users\sathish\.m2\repository\org\glassfish\jaxb\jaxb-core\4.0.5\jaxb-core-4.0.5.jar;C:\Users\sathish\.m2\repository\org\eclipse\angus\angus-activation\2.0.2\angus-activation-2.0.2.jar;C:\Users\sathish\.m2\repository\org\glassfish\jaxb\txw2\4.0.5\txw2-4.0.5.
Launcher Type: SUN_STANDARD

[Global flags]
     intx CICompilerCount                          = 3                                         {product} {ergonomic}
     uint ConcGCThreads                            = 1                                         {product} {ergonomic}
     uint G1ConcRefinementThreads                  = 4                                         {product} {ergonomic}
   size_t G1HeapRegionSize                         = 1048576                                   {product} {ergonomic}
    uintx GCDrainStackTargetSize                   = 64                                        {product} {ergonomic}
   size_t InitialHeapSize                          = 130023424                                 {product} {ergonomic}
   size_t MarkStackSize                            = 4194304                                   {product} {ergonomic}
   size_t MaxHeapSize                              = 2055208960                                {product} {ergonomic}
   size_t MaxNewSize                               = 1233125376                                {product} {ergonomic}
   size_t MinHeapDeltaBytes                        = 1048576                                   {product} {ergonomic}
   size_t MinHeapSize                              = 8388608                                   {product} {ergonomic}
    uintx NonNMethodCodeHeapSize                   = 5832780                                {pd product} {ergonomic}
    uintx NonProfiledCodeHeapSize                  = 122912730                              {pd product} {ergonomic}
    uintx ProfiledCodeHeapSize                     = 122912730                              {pd product} {ergonomic}
    uintx ReservedCodeCacheSize                    = 251658240                              {pd product} {ergonomic}
     bool SegmentedCodeCache                       = true                                      {product} {ergonomic}
   size_t SoftMaxHeapSize                          = 2055208960                             {manageable} {ergonomic}
     bool UseCompressedClassPointers               = true                           {product lp64_product} {ergonomic}
     bool UseCompressedOops                        = true                           {product lp64_product} {ergonomic}
     bool UseG1GC                                  = true                                      {product} {ergonomic}
     bool UseLargePagesIndividualAllocation        = false                                  {pd product} {ergonomic}

Logging:
Log output configuration:
 #0: stdout all=warning uptime,level,tags
 #1: stderr all=off uptime,level,tags

Environment Variables:
JAVA_HOME=C:\Program Files\Java\jdk-17
PATH=C:\Program Files\Java\jdk1.8.0_202\bin;C:\Program Files\MySQL\MySQL Shell 8.0\bin\;C:\Users\sathish\AppData\Local\Microsoft\WindowsApps;C:\Program Files\JetBrains\IntelliJ IDEA Community Edition 2023.3.2\bin;;C:\Users\sathish\AppData\Local\Programs\Microsoft VS Code\bin;C:\Users\sathish\AppData\Roaming\npm;C:\Program Files\Java\jdk1.8.0_202\bin;
USERNAME=sathish
OS=Windows_NT
PROCESSOR_IDENTIFIER=Intel64 Family 6 Model 140 Stepping 1, GenuineIntel



---------------  S Y S T E M  ---------------

OS:
 Windows 10 , 64 bit Build 19041 (10.0.19041.3636)
OS uptime: 20 days 16:54 hours

CPU: total 4 (initial active 4) (2 cores per cpu, 2 threads per core) family 6 model 140 stepping 1 microcode 0x8a, cx8, cmov, fxsr, ht, mmx, 3dnowpref, sse, sse2, sse3, ssse3, sse4.1, sse4.2, popcnt, lzcnt, tsc, tscinvbit, avx, avx2, aes, erms, clmul, bmi1, bmi2, adx, avx512f, avx512dq, avx512cd, avx512bw, avx512vl, sha, fma, vzeroupper, avx512_vpopcntdq, avx512_vpclmulqdq, avx512_vaes, avx512_vnni, clflush, clflushopt, clwb, avx512_vbmi2, avx512_vbmi

Memory: 4k page, system-wide physical 7834M (414M free)
TotalPageFile size 25341M (AvailPageFile size 35M)
current process WorkingSet (physical memory assigned to process): 55M, peak: 260M
current process commit charge ("private bytes"): 277M, peak: 302M

vm_info: Java HotSpot(TM) 64-Bit Server VM (17.0.9+11-LTS-201) for windows-amd64 JRE (17.0.9+11-LTS-201), built on Oct 10 2023 23:16:06 by "mach5one" with MS VC++ 17.1 (VS2022)

END.
